生成启动时间为 2018/4/11 18:26:03。
     1>项目“e:\Document\visual studio 2013\Projects\LUP-InverseMatrix\LUP-InverseMatrix\LUP-InverseMatrix.vcxproj”在节点 2 上(Build 个目标)。
     1>ClCompile:
         C:\Program Files (x86)\Microsoft Visual Studio 12.0\VC\bin\CL.exe /c /ZI /nologo /W3 /WX- /sdl /Od /Oy- /D _MBCS /Gm /EHsc /RTC1 /MDd /GS /fp:precise /Zc:wchar_t /Zc:forScope /Fo"Debug\\" /Fd"Debug\vc120.pdb" /Gd /TP /analyze- /errorReport:prompt eye.cpp LUP_InverseMatrix.cpp LUP_InverseMatrix_emxAPI.cpp LUP_InverseMatrix_emxutil.cpp LUP_InverseMatrix_initialize.cpp LUP_InverseMatrix_terminate.cpp main.cpp rtGetInf.cpp rtGetNaN.cpp rt_nonfinite.cpp
         rt_nonfinite.cpp
         rtGetNaN.cpp
         rtGetInf.cpp
         main.cpp
     1>e:\document\visual studio 2013\projects\lup-inversematrix\lup-inversematrix\main.cpp(37): warning C4101: “idx1”: 未引用的局部变量
     1>e:\document\visual studio 2013\projects\lup-inversematrix\lup-inversematrix\main.cpp(36): warning C4101: “idx0”: 未引用的局部变量
         LUP_InverseMatrix_terminate.cpp
         LUP_InverseMatrix_initialize.cpp
         LUP_InverseMatrix_emxutil.cpp
         LUP_InverseMatrix_emxAPI.cpp
         LUP_InverseMatrix.cpp
         eye.cpp
         正在生成代码...
       Link:
         C:\Program Files (x86)\Microsoft Visual Studio 12.0\VC\bin\link.exe /ERRORREPORT:PROMPT /OUT:"e:\document\visual studio 2013\Projects\LUP-InverseMatrix\Debug\LUP-InverseMatrix.exe" /INCREMENTAL /NOLOGO kernel32.lib user32.lib gdi32.lib winspool.lib comdlg32.lib advapi32.lib shell32.lib ole32.lib oleaut32.lib uuid.lib odbc32.lib odbccp32.lib /MANIFEST /MANIFESTUAC:"level='asInvoker' uiAccess='false'" /manifest:embed /DEBUG /PDB:"e:\document\visual studio 2013\Projects\LUP-InverseMatrix\Debug\LUP-InverseMatrix.pdb" /TLBID:1 /DYNAMICBASE /NXCOMPAT /IMPLIB:"e:\document\visual studio 2013\Projects\LUP-InverseMatrix\Debug\LUP-InverseMatrix.lib" /MACHINE:X86 Debug\eye.obj
         Debug\LUP_InverseMatrix.obj
         Debug\LUP_InverseMatrix_emxAPI.obj
         Debug\LUP_InverseMatrix_emxutil.obj
         Debug\LUP_InverseMatrix_initialize.obj
         Debug\LUP_InverseMatrix_terminate.obj
         Debug\main.obj
         Debug\rtGetInf.obj
         Debug\rtGetNaN.obj
         Debug\rt_nonfinite.obj
         LUP-InverseMatrix.vcxproj -> e:\document\visual studio 2013\Projects\LUP-InverseMatrix\Debug\LUP-InverseMatrix.exe
     1>已完成生成项目“e:\Document\visual studio 2013\Projects\LUP-InverseMatrix\LUP-InverseMatrix\LUP-InverseMatrix.vcxproj”(Build 个目标)的操作。

生成成功。

已用时间 00:00:03.36
